2014-07-10 07:16:52.096 [10748354@qtp-18881061-0] DEBUG org.hibernate.SQL - 
    insert 
    into
        cats
        (name) 
    values
        (?)
2014-07-10 07:16:52.173 [10748354@qtp-18881061-0] INFO  com.trail.neutral.dao.HelloDao - save...
2014-07-10 07:16:52.174 [10748354@qtp-18881061-0] DEBUG org.hibernate.SQL - 
    insert 
    into
        cats
        (name) 
    values
        (?)
2014-07-10 07:16:52.239 [10748354@qtp-18881061-0] INFO  com.trail.neutral.service.HelloService - hello this is in service
2014-07-10 07:16:52.239 [10748354@qtp-18881061-0] INFO  com.trail.neutral.action.HelloAction - hello,this is a test
2014-07-10 07:17:17.071 [1641625@qtp-18881061-2] DEBUG org.hibernate.SQL - 
    insert 
    into
        cats
        (name) 
    values
        (?)
2014-07-10 07:17:17.129 [1641625@qtp-18881061-2] INFO  com.trail.neutral.dao.HelloDao - save...
2014-07-10 07:17:17.130 [1641625@qtp-18881061-2] DEBUG org.hibernate.SQL - 
    insert 
    into
        cats
        (name) 
    values
        (?)
2014-07-10 07:17:17.174 [1641625@qtp-18881061-2] INFO  com.trail.neutral.service.HelloService - hello this is in service
2014-07-10 07:17:17.175 [1641625@qtp-18881061-2] INFO  com.trail.neutral.action.HelloAction - hello,this is a test
2014-07-10 07:20:36.176 [1641625@qtp-18881061-2] DEBUG org.hibernate.SQL - 
    insert 
    into
        cats
        (name) 
    values
        (?)
2014-07-10 07:20:36.231 [1641625@qtp-18881061-2] INFO  com.trail.neutral.dao.HelloDao - save...
2014-07-10 07:20:36.232 [1641625@qtp-18881061-2] DEBUG org.hibernate.SQL - 
    insert 
    into
        cats
        (name) 
    values
        (?)
2014-07-10 07:20:36.299 [1641625@qtp-18881061-2] INFO  com.trail.neutral.service.HelloService - hello this is in service
2014-07-10 07:20:36.300 [1641625@qtp-18881061-2] INFO  com.trail.neutral.action.HelloAction - hello,this is a test
2014-07-10 07:21:10.923 [27427682@qtp-20290587-0] DEBUG org.hibernate.SQL - 
    insert 
    into
        cats
        (add_time, name) 
    values
        (?, ?)
2014-07-10 07:21:11.063 [27427682@qtp-20290587-0] INFO  com.trail.neutral.dao.HelloDao - save...
2014-07-10 07:21:11.064 [27427682@qtp-20290587-0] DEBUG org.hibernate.SQL - 
    insert 
    into
        cats
        (add_time, name) 
    values
        (?, ?)
2014-07-10 07:21:11.120 [27427682@qtp-20290587-0] INFO  com.trail.neutral.service.HelloService - hello this is in service
2014-07-10 07:21:11.120 [27427682@qtp-20290587-0] INFO  com.trail.neutral.action.HelloAction - hello,this is a test
